mode: set
github.com/sunthewhat/easy-cert-api/api/controllers/participant/add.go:13.60,16.18 2 0
github.com/sunthewhat/easy-cert-api/api/controllers/participant/add.go:16.18,19.3 2 0
github.com/sunthewhat/easy-cert-api/api/controllers/participant/add.go:22.2,23.16 2 0
github.com/sunthewhat/easy-cert-api/api/controllers/participant/add.go:23.16,26.3 2 0
github.com/sunthewhat/easy-cert-api/api/controllers/participant/add.go:27.2,27.17 1 0
github.com/sunthewhat/easy-cert-api/api/controllers/participant/add.go:27.17,30.3 2 0
github.com/sunthewhat/easy-cert-api/api/controllers/participant/add.go:33.2,34.43 2 0
github.com/sunthewhat/easy-cert-api/api/controllers/participant/add.go:34.43,37.3 2 0
github.com/sunthewhat/easy-cert-api/api/controllers/participant/add.go:40.2,40.50 1 0
github.com/sunthewhat/easy-cert-api/api/controllers/participant/add.go:40.50,44.3 3 0
github.com/sunthewhat/easy-cert-api/api/controllers/participant/add.go:49.2,50.21 2 0
github.com/sunthewhat/easy-cert-api/api/controllers/participant/add.go:50.21,53.3 2 0
github.com/sunthewhat/easy-cert-api/api/controllers/participant/add.go:56.2,56.15 1 0
github.com/sunthewhat/easy-cert-api/api/controllers/participant/add.go:56.15,58.3 1 0
github.com/sunthewhat/easy-cert-api/api/controllers/participant/add.go:58.8,60.3 1 0
github.com/sunthewhat/easy-cert-api/api/controllers/participant/add.go:63.2,64.19 2 0
github.com/sunthewhat/easy-cert-api/api/controllers/participant/add.go:64.19,67.3 2 0
github.com/sunthewhat/easy-cert-api/api/controllers/participant/add.go:69.2,101.39 5 0
github.com/sunthewhat/easy-cert-api/api/controllers/participant/add.go:101.39,106.3 2 0
github.com/sunthewhat/easy-cert-api/api/controllers/participant/add.go:108.2,109.39 2 0
github.com/sunthewhat/easy-cert-api/api/controllers/participant/add.go:109.39,111.3 1 0
github.com/sunthewhat/easy-cert-api/api/controllers/participant/add.go:113.2,113.55 1 0
github.com/sunthewhat/easy-cert-api/api/controllers/participant/controller.go:18.26,23.2 1 0
github.com/sunthewhat/easy-cert-api/api/controllers/participant/delete.go:10.63,13.14 2 0
github.com/sunthewhat/easy-cert-api/api/controllers/participant/delete.go:13.14,15.3 1 0
github.com/sunthewhat/easy-cert-api/api/controllers/participant/delete.go:18.2,19.16 2 0
github.com/sunthewhat/easy-cert-api/api/controllers/participant/delete.go:19.16,22.3 2 0
github.com/sunthewhat/easy-cert-api/api/controllers/participant/delete.go:24.2,25.88 2 0
github.com/sunthewhat/easy-cert-api/api/controllers/participant/edit.go:16.65,20.47 3 0
github.com/sunthewhat/easy-cert-api/api/controllers/participant/edit.go:20.47,23.3 2 0
github.com/sunthewhat/easy-cert-api/api/controllers/participant/edit.go:25.2,25.53 1 0
github.com/sunthewhat/easy-cert-api/api/controllers/participant/edit.go:25.53,28.3 2 0
github.com/sunthewhat/easy-cert-api/api/controllers/participant/edit.go:30.2,31.16 2 0
github.com/sunthewhat/easy-cert-api/api/controllers/participant/edit.go:31.16,34.3 2 0
github.com/sunthewhat/easy-cert-api/api/controllers/participant/edit.go:36.2,38.88 2 0
github.com/sunthewhat/easy-cert-api/api/controllers/participant/getByCert.go:11.66,14.18 2 0
github.com/sunthewhat/easy-cert-api/api/controllers/participant/getByCert.go:14.18,17.3 2 0
github.com/sunthewhat/easy-cert-api/api/controllers/participant/getByCert.go:19.2,21.16 2 0
github.com/sunthewhat/easy-cert-api/api/controllers/participant/getByCert.go:21.16,24.3 2 0
github.com/sunthewhat/easy-cert-api/api/controllers/participant/getByCert.go:26.2,26.17 1 0
github.com/sunthewhat/easy-cert-api/api/controllers/participant/getByCert.go:26.17,29.3 2 0
github.com/sunthewhat/easy-cert-api/api/controllers/participant/getByCert.go:31.2,33.16 2 0
github.com/sunthewhat/easy-cert-api/api/controllers/participant/getByCert.go:33.16,36.3 2 0
github.com/sunthewhat/easy-cert-api/api/controllers/participant/getByCert.go:39.2,39.25 1 0
github.com/sunthewhat/easy-cert-api/api/controllers/participant/getByCert.go:39.25,41.3 1 0
github.com/sunthewhat/easy-cert-api/api/controllers/participant/getByCert.go:43.2,43.70 1 0
github.com/sunthewhat/easy-cert-api/api/controllers/participant/getById.go:10.89,13.25 2 0
github.com/sunthewhat/easy-cert-api/api/controllers/participant/getById.go:13.25,16.3 2 0
github.com/sunthewhat/easy-cert-api/api/controllers/participant/getById.go:18.2,19.16 2 0
github.com/sunthewhat/easy-cert-api/api/controllers/participant/getById.go:19.16,21.3 1 0
github.com/sunthewhat/easy-cert-api/api/controllers/participant/getById.go:23.2,24.16 2 0
github.com/sunthewhat/easy-cert-api/api/controllers/participant/getById.go:24.16,26.3 1 0
github.com/sunthewhat/easy-cert-api/api/controllers/participant/getById.go:28.2,28.71 1 0
github.com/sunthewhat/easy-cert-api/api/controllers/participant/getById.go:28.71,30.3 1 0
github.com/sunthewhat/easy-cert-api/api/controllers/participant/getById.go:32.2,35.4 1 0
github.com/sunthewhat/easy-cert-api/api/controllers/participant/revoke.go:10.63,13.14 2 0
github.com/sunthewhat/easy-cert-api/api/controllers/participant/revoke.go:13.14,15.3 1 0
github.com/sunthewhat/easy-cert-api/api/controllers/participant/revoke.go:18.2,19.16 2 0
github.com/sunthewhat/easy-cert-api/api/controllers/participant/revoke.go:19.16,22.3 2 0
github.com/sunthewhat/easy-cert-api/api/controllers/participant/revoke.go:24.2,24.88 1 0
github.com/sunthewhat/easy-cert-api/api/controllers/file/delete.go:14.41,17.63 2 0
github.com/sunthewhat/easy-cert-api/api/controllers/file/delete.go:17.63,19.3 1 0
github.com/sunthewhat/easy-cert-api/api/controllers/file/delete.go:22.2,23.9 2 0
github.com/sunthewhat/easy-cert-api/api/controllers/file/delete.go:23.9,25.3 1 0
github.com/sunthewhat/easy-cert-api/api/controllers/file/delete.go:28.2,34.43 3 0
github.com/sunthewhat/easy-cert-api/api/controllers/file/delete.go:34.43,36.3 1 0
github.com/sunthewhat/easy-cert-api/api/controllers/file/delete.go:38.2,38.43 1 0
github.com/sunthewhat/easy-cert-api/api/controllers/file/delete.go:38.43,40.3 1 0
github.com/sunthewhat/easy-cert-api/api/controllers/file/delete.go:42.2,48.19 4 0
github.com/sunthewhat/easy-cert-api/api/controllers/file/delete.go:48.19,51.17 2 0
github.com/sunthewhat/easy-cert-api/api/controllers/file/delete.go:51.17,53.4 1 0
github.com/sunthewhat/easy-cert-api/api/controllers/file/delete.go:54.8,56.3 1 0
github.com/sunthewhat/easy-cert-api/api/controllers/file/delete.go:59.2,59.48 1 0
github.com/sunthewhat/easy-cert-api/api/controllers/file/delete.go:59.48,61.3 1 0
github.com/sunthewhat/easy-cert-api/api/controllers/file/delete.go:64.2,67.52 2 0
github.com/sunthewhat/easy-cert-api/api/controllers/file/delete.go:67.52,69.3 1 0
github.com/sunthewhat/easy-cert-api/api/controllers/file/delete.go:72.2,73.16 2 0
github.com/sunthewhat/easy-cert-api/api/controllers/file/delete.go:73.16,75.3 1 0
github.com/sunthewhat/easy-cert-api/api/controllers/file/delete.go:77.2,80.4 1 0
github.com/sunthewhat/easy-cert-api/api/controllers/file/download.go:17.39,22.38 3 0
github.com/sunthewhat/easy-cert-api/api/controllers/file/download.go:22.38,25.3 2 0
github.com/sunthewhat/easy-cert-api/api/controllers/file/download.go:28.2,33.27 2 0
github.com/sunthewhat/easy-cert-api/api/controllers/file/download.go:33.27,36.3 2 0
github.com/sunthewhat/easy-cert-api/api/controllers/file/download.go:38.2,42.16 3 0
github.com/sunthewhat/easy-cert-api/api/controllers/file/download.go:42.16,45.3 2 0
github.com/sunthewhat/easy-cert-api/api/controllers/file/download.go:46.2,50.16 3 0
github.com/sunthewhat/easy-cert-api/api/controllers/file/download.go:50.16,53.3 2 0
github.com/sunthewhat/easy-cert-api/api/controllers/file/download.go:56.2,57.43 2 0
github.com/sunthewhat/easy-cert-api/api/controllers/file/download.go:57.43,59.3 1 0
github.com/sunthewhat/easy-cert-api/api/controllers/file/download.go:59.8,59.50 1 0
github.com/sunthewhat/easy-cert-api/api/controllers/file/download.go:59.50,61.3 1 0
github.com/sunthewhat/easy-cert-api/api/controllers/file/download.go:61.8,61.50 1 0
github.com/sunthewhat/easy-cert-api/api/controllers/file/download.go:61.50,63.3 1 0
github.com/sunthewhat/easy-cert-api/api/controllers/file/download.go:63.8,63.92 1 0
github.com/sunthewhat/easy-cert-api/api/controllers/file/download.go:63.92,65.3 1 0
github.com/sunthewhat/easy-cert-api/api/controllers/file/download.go:65.8,65.50 1 0
github.com/sunthewhat/easy-cert-api/api/controllers/file/download.go:65.50,67.3 1 0
github.com/sunthewhat/easy-cert-api/api/controllers/file/download.go:70.2,76.16 5 0
github.com/sunthewhat/easy-cert-api/api/controllers/file/download.go:76.16,79.3 2 0
github.com/sunthewhat/easy-cert-api/api/controllers/file/download.go:81.2,82.12 2 0
github.com/sunthewhat/easy-cert-api/api/controllers/file/getAll.go:14.47,17.63 2 0
github.com/sunthewhat/easy-cert-api/api/controllers/file/getAll.go:17.63,19.3 1 0
github.com/sunthewhat/easy-cert-api/api/controllers/file/getAll.go:22.2,23.9 2 0
github.com/sunthewhat/easy-cert-api/api/controllers/file/getAll.go:23.9,25.3 1 0
github.com/sunthewhat/easy-cert-api/api/controllers/file/getAll.go:27.2,32.16 4 0
github.com/sunthewhat/easy-cert-api/api/controllers/file/getAll.go:32.16,34.3 1 0
github.com/sunthewhat/easy-cert-api/api/controllers/file/getAll.go:37.2,38.37 2 0
github.com/sunthewhat/easy-cert-api/api/controllers/file/getAll.go:38.37,40.17 2 0
github.com/sunthewhat/easy-cert-api/api/controllers/file/getAll.go:40.17,43.4 1 0
github.com/sunthewhat/easy-cert-api/api/controllers/file/getAll.go:43.9,45.4 1 0
github.com/sunthewhat/easy-cert-api/api/controllers/file/getAll.go:48.2,52.4 1 0
github.com/sunthewhat/easy-cert-api/api/controllers/file/publicDownload.go:19.52,22.25 2 0
github.com/sunthewhat/easy-cert-api/api/controllers/file/publicDownload.go:22.25,25.3 2 0
github.com/sunthewhat/easy-cert-api/api/controllers/file/publicDownload.go:28.2,32.16 3 0
github.com/sunthewhat/easy-cert-api/api/controllers/file/publicDownload.go:32.16,35.3 2 0
github.com/sunthewhat/easy-cert-api/api/controllers/file/publicDownload.go:38.2,38.26 1 0
github.com/sunthewhat/easy-cert-api/api/controllers/file/publicDownload.go:38.26,41.3 2 0
github.com/sunthewhat/easy-cert-api/api/controllers/file/publicDownload.go:43.2,43.38 1 0
github.com/sunthewhat/easy-cert-api/api/controllers/file/publicDownload.go:43.38,46.3 2 0
github.com/sunthewhat/easy-cert-api/api/controllers/file/publicDownload.go:50.2,53.70 2 0
github.com/sunthewhat/easy-cert-api/api/controllers/file/publicDownload.go:53.70,59.22 2 0
github.com/sunthewhat/easy-cert-api/api/controllers/file/publicDownload.go:59.22,64.54 3 0
github.com/sunthewhat/easy-cert-api/api/controllers/file/publicDownload.go:64.54,66.5 1 0
github.com/sunthewhat/easy-cert-api/api/controllers/file/publicDownload.go:66.10,71.5 2 0
github.com/sunthewhat/easy-cert-api/api/controllers/file/publicDownload.go:72.9,77.4 2 0
github.com/sunthewhat/easy-cert-api/api/controllers/file/publicDownload.go:78.8,82.17 3 0
github.com/sunthewhat/easy-cert-api/api/controllers/file/publicDownload.go:82.17,88.4 2 0
github.com/sunthewhat/easy-cert-api/api/controllers/file/publicDownload.go:91.2,95.16 3 0
github.com/sunthewhat/easy-cert-api/api/controllers/file/publicDownload.go:95.16,101.3 2 0
github.com/sunthewhat/easy-cert-api/api/controllers/file/publicDownload.go:102.2,106.16 3 0
github.com/sunthewhat/easy-cert-api/api/controllers/file/publicDownload.go:106.16,112.3 2 0
github.com/sunthewhat/easy-cert-api/api/controllers/file/publicDownload.go:115.2,116.43 2 0
github.com/sunthewhat/easy-cert-api/api/controllers/file/publicDownload.go:116.43,118.3 1 0
github.com/sunthewhat/easy-cert-api/api/controllers/file/publicDownload.go:121.2,130.31 6 0
github.com/sunthewhat/easy-cert-api/api/controllers/file/publicDownload.go:130.31,132.17 2 0
github.com/sunthewhat/easy-cert-api/api/controllers/file/publicDownload.go:132.17,137.4 1 0
github.com/sunthewhat/easy-cert-api/api/controllers/file/publicDownload.go:137.9,139.4 1 0
github.com/sunthewhat/easy-cert-api/api/controllers/file/publicDownload.go:143.2,144.16 2 0
github.com/sunthewhat/easy-cert-api/api/controllers/file/publicDownload.go:144.16,150.3 2 0
github.com/sunthewhat/easy-cert-api/api/controllers/file/publicDownload.go:152.2,157.12 2 0
github.com/sunthewhat/easy-cert-api/api/controllers/file/uploadResource.go:17.41,20.63 2 0
github.com/sunthewhat/easy-cert-api/api/controllers/file/uploadResource.go:20.63,22.3 1 0
github.com/sunthewhat/easy-cert-api/api/controllers/file/uploadResource.go:25.2,26.9 2 0
github.com/sunthewhat/easy-cert-api/api/controllers/file/uploadResource.go:26.9,28.3 1 0
github.com/sunthewhat/easy-cert-api/api/controllers/file/uploadResource.go:30.2,32.16 2 0
github.com/sunthewhat/easy-cert-api/api/controllers/file/uploadResource.go:32.16,34.3 1 0
github.com/sunthewhat/easy-cert-api/api/controllers/file/uploadResource.go:36.2,36.30 1 0
github.com/sunthewhat/easy-cert-api/api/controllers/file/uploadResource.go:36.30,38.3 1 0
github.com/sunthewhat/easy-cert-api/api/controllers/file/uploadResource.go:40.2,51.16 7 0
github.com/sunthewhat/easy-cert-api/api/controllers/file/uploadResource.go:51.16,53.3 1 0
github.com/sunthewhat/easy-cert-api/api/controllers/file/uploadResource.go:56.2,57.16 2 0
github.com/sunthewhat/easy-cert-api/api/controllers/file/uploadResource.go:57.16,60.3 1 0
github.com/sunthewhat/easy-cert-api/api/controllers/file/uploadResource.go:62.2,67.4 1 0
github.com/sunthewhat/easy-cert-api/api/controllers/signature/controller.go:24.24,31.2 1 0
github.com/sunthewhat/easy-cert-api/api/controllers/signature/create.go:13.61,16.43 2 0
github.com/sunthewhat/easy-cert-api/api/controllers/signature/create.go:16.43,18.3 1 0
github.com/sunthewhat/easy-cert-api/api/controllers/signature/create.go:20.2,20.50 1 0
github.com/sunthewhat/easy-cert-api/api/controllers/signature/create.go:20.50,23.3 2 0
github.com/sunthewhat/easy-cert-api/api/controllers/signature/create.go:25.2,27.13 2 0
github.com/sunthewhat/easy-cert-api/api/controllers/signature/create.go:27.13,30.3 2 0
github.com/sunthewhat/easy-cert-api/api/controllers/signature/create.go:32.2,34.16 2 0
github.com/sunthewhat/easy-cert-api/api/controllers/signature/create.go:34.16,36.3 1 0
github.com/sunthewhat/easy-cert-api/api/controllers/signature/create.go:38.2,38.67 1 0
github.com/sunthewhat/easy-cert-api/api/controllers/signature/getById.go:20.62,23.14 2 0
github.com/sunthewhat/easy-cert-api/api/controllers/signature/getById.go:23.14,27.3 1 0
github.com/sunthewhat/easy-cert-api/api/controllers/signature/getById.go:29.2,30.16 2 0
github.com/sunthewhat/easy-cert-api/api/controllers/signature/getById.go:30.16,35.3 2 0
github.com/sunthewhat/easy-cert-api/api/controllers/signature/getById.go:37.2,37.22 1 0
github.com/sunthewhat/easy-cert-api/api/controllers/signature/getById.go:37.22,41.3 1 0
github.com/sunthewhat/easy-cert-api/api/controllers/signature/getById.go:44.2,55.25 2 0
github.com/sunthewhat/easy-cert-api/api/controllers/signature/getSignature.go:13.72,19.13 4 0
github.com/sunthewhat/easy-cert-api/api/controllers/signature/getSignature.go:19.13,22.3 2 0
github.com/sunthewhat/easy-cert-api/api/controllers/signature/getSignature.go:24.2,26.16 2 0
github.com/sunthewhat/easy-cert-api/api/controllers/signature/getSignature.go:26.16,28.3 1 0
github.com/sunthewhat/easy-cert-api/api/controllers/signature/getSignature.go:30.2,30.22 1 0
github.com/sunthewhat/easy-cert-api/api/controllers/signature/getSignature.go:30.22,33.3 2 0
github.com/sunthewhat/easy-cert-api/api/controllers/signature/getSignature.go:35.2,35.67 1 0
github.com/sunthewhat/easy-cert-api/api/controllers/signature/getSignature.go:35.67,38.3 2 0
github.com/sunthewhat/easy-cert-api/api/controllers/signature/getSignature.go:41.2,41.25 1 0
github.com/sunthewhat/easy-cert-api/api/controllers/signature/getSignature.go:41.25,43.3 1 0
github.com/sunthewhat/easy-cert-api/api/controllers/signature/getSignature.go:46.2,47.16 2 0
github.com/sunthewhat/easy-cert-api/api/controllers/signature/getSignature.go:47.16,50.3 2 0
github.com/sunthewhat/easy-cert-api/api/controllers/signature/getSignature.go:53.2,54.31 2 0
github.com/sunthewhat/easy-cert-api/api/controllers/signature/getSignerData.go:23.68,26.25 2 0
github.com/sunthewhat/easy-cert-api/api/controllers/signature/getSignerData.go:26.25,28.3 1 0
github.com/sunthewhat/easy-cert-api/api/controllers/signature/getSignerData.go:31.2,32.9 2 0
github.com/sunthewhat/easy-cert-api/api/controllers/signature/getSignerData.go:32.9,35.3 2 0
github.com/sunthewhat/easy-cert-api/api/controllers/signature/getSignerData.go:37.2,38.16 2 0
github.com/sunthewhat/easy-cert-api/api/controllers/signature/getSignerData.go:38.16,41.3 2 0
github.com/sunthewhat/easy-cert-api/api/controllers/signature/getSignerData.go:43.2,47.16 3 0
github.com/sunthewhat/easy-cert-api/api/controllers/signature/getSignerData.go:47.16,50.3 2 0
github.com/sunthewhat/easy-cert-api/api/controllers/signature/getSignerData.go:52.2,52.19 1 0
github.com/sunthewhat/easy-cert-api/api/controllers/signature/getSignerData.go:52.19,54.3 1 0
github.com/sunthewhat/easy-cert-api/api/controllers/signature/getSignerData.go:56.2,60.16 3 0
github.com/sunthewhat/easy-cert-api/api/controllers/signature/getSignerData.go:60.16,63.3 2 0
github.com/sunthewhat/easy-cert-api/api/controllers/signature/getSignerData.go:65.2,65.22 1 0
github.com/sunthewhat/easy-cert-api/api/controllers/signature/getSignerData.go:65.22,67.3 1 0
github.com/sunthewhat/easy-cert-api/api/controllers/signature/getSignerData.go:70.2,89.84 2 0
github.com/sunthewhat/easy-cert-api/api/controllers/signature/requestResign.go:11.68,16.16 3 0
github.com/sunthewhat/easy-cert-api/api/controllers/signature/requestResign.go:16.16,18.3 1 0
github.com/sunthewhat/easy-cert-api/api/controllers/signature/requestResign.go:20.2,22.16 2 0
github.com/sunthewhat/easy-cert-api/api/controllers/signature/requestResign.go:22.16,24.3 1 0
github.com/sunthewhat/easy-cert-api/api/controllers/signature/requestResign.go:26.2,28.16 2 0
github.com/sunthewhat/easy-cert-api/api/controllers/signature/requestResign.go:28.16,30.3 1 0
github.com/sunthewhat/easy-cert-api/api/controllers/signature/requestResign.go:32.2,34.16 2 0
github.com/sunthewhat/easy-cert-api/api/controllers/signature/requestResign.go:34.16,37.3 2 0
github.com/sunthewhat/easy-cert-api/api/controllers/signature/requestResign.go:39.2,41.16 2 0
github.com/sunthewhat/easy-cert-api/api/controllers/signature/requestResign.go:41.16,43.3 1 0
github.com/sunthewhat/easy-cert-api/api/controllers/signature/requestResign.go:45.2,45.75 1 0
github.com/sunthewhat/easy-cert-api/api/controllers/signature/sign.go:18.59,21.23 2 0
github.com/sunthewhat/easy-cert-api/api/controllers/signature/sign.go:21.23,23.3 1 0
github.com/sunthewhat/easy-cert-api/api/controllers/signature/sign.go:26.2,27.16 2 0
github.com/sunthewhat/easy-cert-api/api/controllers/signature/sign.go:27.16,30.3 2 0
github.com/sunthewhat/easy-cert-api/api/controllers/signature/sign.go:33.2,34.31 2 0
github.com/sunthewhat/easy-cert-api/api/controllers/signature/sign.go:34.31,36.3 1 0
github.com/sunthewhat/easy-cert-api/api/controllers/signature/sign.go:39.2,40.16 2 0
github.com/sunthewhat/easy-cert-api/api/controllers/signature/sign.go:40.16,43.3 2 0
github.com/sunthewhat/easy-cert-api/api/controllers/signature/sign.go:44.2,47.16 3 0
github.com/sunthewhat/easy-cert-api/api/controllers/signature/sign.go:47.16,50.3 2 0
github.com/sunthewhat/easy-cert-api/api/controllers/signature/sign.go:53.2,54.16 2 0
github.com/sunthewhat/easy-cert-api/api/controllers/signature/sign.go:54.16,57.3 2 0
github.com/sunthewhat/easy-cert-api/api/controllers/signature/sign.go:60.2,61.16 2 0
github.com/sunthewhat/easy-cert-api/api/controllers/signature/sign.go:61.16,63.3 1 0
github.com/sunthewhat/easy-cert-api/api/controllers/signature/sign.go:66.2,67.21 2 0
github.com/sunthewhat/easy-cert-api/api/controllers/signature/sign.go:67.21,70.3 1 0
github.com/sunthewhat/easy-cert-api/api/controllers/signature/sign.go:73.2,73.17 1 0
github.com/sunthewhat/easy-cert-api/api/controllers/signature/sign.go:73.17,75.21 2 0
github.com/sunthewhat/easy-cert-api/api/controllers/signature/sign.go:75.21,77.4 1 0
github.com/sunthewhat/easy-cert-api/api/controllers/signature/sign.go:77.9,77.32 1 0
github.com/sunthewhat/easy-cert-api/api/controllers/signature/sign.go:77.32,80.22 2 0
github.com/sunthewhat/easy-cert-api/api/controllers/signature/sign.go:80.22,83.5 1 0
github.com/sunthewhat/easy-cert-api/api/controllers/signature/sign.go:86.4,87.31 2 0
github.com/sunthewhat/easy-cert-api/api/controllers/signature/sign.go:87.31,90.23 2 0
github.com/sunthewhat/easy-cert-api/api/controllers/signature/sign.go:90.23,92.6 1 0
github.com/sunthewhat/easy-cert-api/api/controllers/signature/sign.go:94.5,94.31 1 0
github.com/sunthewhat/easy-cert-api/api/controllers/signature/sign.go:94.31,97.6 2 0
github.com/sunthewhat/easy-cert-api/api/controllers/signature/sign.go:100.5,101.22 2 0
github.com/sunthewhat/easy-cert-api/api/controllers/signature/sign.go:101.22,103.6 1 0
github.com/sunthewhat/easy-cert-api/api/controllers/signature/sign.go:106.5,107.39 2 0
github.com/sunthewhat/easy-cert-api/api/controllers/signature/sign.go:107.39,108.45 1 0
github.com/sunthewhat/easy-cert-api/api/controllers/signature/sign.go:108.45,110.28 2 0
github.com/sunthewhat/easy-cert-api/api/controllers/signature/sign.go:110.28,115.16 2 0
github.com/sunthewhat/easy-cert-api/api/controllers/signature/sign.go:117.7,117.92 1 0
github.com/sunthewhat/easy-cert-api/api/controllers/signature/sign.go:121.5,128.36 3 0
github.com/sunthewhat/easy-cert-api/api/controllers/signature/sign.go:128.36,130.6 1 0
github.com/sunthewhat/easy-cert-api/api/controllers/signature/sign.go:133.5,134.35 2 0
github.com/sunthewhat/easy-cert-api/api/controllers/signature/sign.go:134.35,140.6 1 0
github.com/sunthewhat/easy-cert-api/api/controllers/signature/sign.go:143.5,151.27 3 0
github.com/sunthewhat/easy-cert-api/api/controllers/signature/sign.go:151.27,153.6 1 0
github.com/sunthewhat/easy-cert-api/api/controllers/signature/sign.go:154.5,162.29 5 0
github.com/sunthewhat/easy-cert-api/api/controllers/signature/sign.go:162.29,164.6 1 0
github.com/sunthewhat/easy-cert-api/api/controllers/signature/sign.go:167.5,168.23 2 0
github.com/sunthewhat/easy-cert-api/api/controllers/signature/sign.go:168.23,170.6 1 0
github.com/sunthewhat/easy-cert-api/api/controllers/signature/sign.go:172.5,174.15 3 0
github.com/sunthewhat/easy-cert-api/api/controllers/signature/sign.go:177.4,177.25 1 0
github.com/sunthewhat/easy-cert-api/api/controllers/signature/sign.go:177.25,180.5 1 0
github.com/sunthewhat/easy-cert-api/api/controllers/signature/sign.go:183.4,184.24 2 0
github.com/sunthewhat/easy-cert-api/api/controllers/signature/sign.go:184.24,187.5 1 0
github.com/sunthewhat/easy-cert-api/api/controllers/signature/sign.go:187.10,189.5 1 0
github.com/sunthewhat/easy-cert-api/api/controllers/signature/sign.go:194.2,201.4 1 0
github.com/sunthewhat/easy-cert-api/api/controllers/auth/controller.go:9.62,11.2 1 1
github.com/sunthewhat/easy-cert-api/api/controllers/auth/login.go:12.53,15.43 2 1
github.com/sunthewhat/easy-cert-api/api/controllers/auth/login.go:15.43,17.3 1 1
github.com/sunthewhat/easy-cert-api/api/controllers/auth/login.go:19.2,19.50 1 1
github.com/sunthewhat/easy-cert-api/api/controllers/auth/login.go:19.50,22.3 2 1
github.com/sunthewhat/easy-cert-api/api/controllers/auth/login.go:24.2,26.16 2 1
github.com/sunthewhat/easy-cert-api/api/controllers/auth/login.go:26.16,29.3 2 1
github.com/sunthewhat/easy-cert-api/api/controllers/auth/login.go:32.2,33.16 2 1
github.com/sunthewhat/easy-cert-api/api/controllers/auth/login.go:33.16,36.3 2 1
github.com/sunthewhat/easy-cert-api/api/controllers/auth/login.go:38.2,43.4 1 1
github.com/sunthewhat/easy-cert-api/api/controllers/auth/verify.go:11.54,13.14 2 1
github.com/sunthewhat/easy-cert-api/api/controllers/auth/verify.go:13.14,16.3 2 1
github.com/sunthewhat/easy-cert-api/api/controllers/auth/verify.go:17.2,21.4 2 1
github.com/sunthewhat/easy-cert-api/api/controllers/certificate/checkGenerateStatus.go:16.76,21.16 3 1
github.com/sunthewhat/easy-cert-api/api/controllers/certificate/checkGenerateStatus.go:21.16,24.3 2 0
github.com/sunthewhat/easy-cert-api/api/controllers/certificate/checkGenerateStatus.go:26.2,26.17 1 1
github.com/sunthewhat/easy-cert-api/api/controllers/certificate/checkGenerateStatus.go:26.17,29.3 2 1
github.com/sunthewhat/easy-cert-api/api/controllers/certificate/checkGenerateStatus.go:31.2,33.20 2 1
github.com/sunthewhat/easy-cert-api/api/controllers/certificate/checkGenerateStatus.go:33.20,35.17 2 1
github.com/sunthewhat/easy-cert-api/api/controllers/certificate/checkGenerateStatus.go:35.17,37.4 1 0
github.com/sunthewhat/easy-cert-api/api/controllers/certificate/checkGenerateStatus.go:39.3,39.24 1 1
github.com/sunthewhat/easy-cert-api/api/controllers/certificate/checkGenerateStatus.go:39.24,47.4 2 1
github.com/sunthewhat/easy-cert-api/api/controllers/certificate/checkGenerateStatus.go:50.2,50.25 1 1
github.com/sunthewhat/easy-cert-api/api/controllers/certificate/checkGenerateStatus.go:50.25,57.3 2 1
github.com/sunthewhat/easy-cert-api/api/controllers/certificate/checkGenerateStatus.go:59.2,61.16 2 1
github.com/sunthewhat/easy-cert-api/api/controllers/certificate/checkGenerateStatus.go:61.16,64.3 2 0
github.com/sunthewhat/easy-cert-api/api/controllers/certificate/checkGenerateStatus.go:66.2,68.33 2 1
github.com/sunthewhat/easy-cert-api/api/controllers/certificate/checkGenerateStatus.go:68.33,69.29 1 1
github.com/sunthewhat/easy-cert-api/api/controllers/certificate/checkGenerateStatus.go:69.29,71.9 2 1
github.com/sunthewhat/easy-cert-api/api/controllers/certificate/checkGenerateStatus.go:75.2,81.78 2 1
github.com/sunthewhat/easy-cert-api/api/controllers/certificate/controller.go:21.26,27.2 1 1
github.com/sunthewhat/easy-cert-api/api/controllers/certificate/create.go:13.63,16.43 2 1
github.com/sunthewhat/easy-cert-api/api/controllers/certificate/create.go:16.43,18.3 1 1
github.com/sunthewhat/easy-cert-api/api/controllers/certificate/create.go:20.2,20.50 1 1
github.com/sunthewhat/easy-cert-api/api/controllers/certificate/create.go:20.50,23.3 2 1
github.com/sunthewhat/easy-cert-api/api/controllers/certificate/create.go:25.2,27.13 2 1
github.com/sunthewhat/easy-cert-api/api/controllers/certificate/create.go:27.13,30.3 2 1
github.com/sunthewhat/easy-cert-api/api/controllers/certificate/create.go:32.2,34.16 2 1
github.com/sunthewhat/easy-cert-api/api/controllers/certificate/create.go:34.16,36.3 1 1
github.com/sunthewhat/easy-cert-api/api/controllers/certificate/create.go:39.2,41.64 2 1
github.com/sunthewhat/easy-cert-api/api/controllers/certificate/delete.go:10.63,13.18 2 1
github.com/sunthewhat/easy-cert-api/api/controllers/certificate/delete.go:13.18,16.3 2 0
github.com/sunthewhat/easy-cert-api/api/controllers/certificate/delete.go:18.2,20.16 2 1
github.com/sunthewhat/easy-cert-api/api/controllers/certificate/delete.go:20.16,23.3 2 1
github.com/sunthewhat/easy-cert-api/api/controllers/certificate/delete.go:25.2,25.17 1 1
github.com/sunthewhat/easy-cert-api/api/controllers/certificate/delete.go:25.17,28.3 2 1
github.com/sunthewhat/easy-cert-api/api/controllers/certificate/delete.go:31.2,32.16 2 1
github.com/sunthewhat/easy-cert-api/api/controllers/certificate/delete.go:32.16,35.3 2 1
github.com/sunthewhat/easy-cert-api/api/controllers/certificate/delete.go:38.2,39.16 2 1
github.com/sunthewhat/easy-cert-api/api/controllers/certificate/delete.go:39.16,42.3 2 1
github.com/sunthewhat/easy-cert-api/api/controllers/certificate/delete.go:43.2,47.16 3 1
github.com/sunthewhat/easy-cert-api/api/controllers/certificate/delete.go:47.16,49.45 2 1
github.com/sunthewhat/easy-cert-api/api/controllers/certificate/delete.go:49.45,51.4 1 1
github.com/sunthewhat/easy-cert-api/api/controllers/certificate/delete.go:52.3,52.44 1 0
github.com/sunthewhat/easy-cert-api/api/controllers/certificate/delete.go:55.2,60.4 2 1
github.com/sunthewhat/easy-cert-api/api/controllers/certificate/downloadArchive.go:17.72,20.18 2 1
github.com/sunthewhat/easy-cert-api/api/controllers/certificate/downloadArchive.go:20.18,23.3 2 0
github.com/sunthewhat/easy-cert-api/api/controllers/certificate/downloadArchive.go:26.2,27.16 2 1
github.com/sunthewhat/easy-cert-api/api/controllers/certificate/downloadArchive.go:27.16,30.3 2 1
github.com/sunthewhat/easy-cert-api/api/controllers/certificate/downloadArchive.go:32.2,32.17 1 1
github.com/sunthewhat/easy-cert-api/api/controllers/certificate/downloadArchive.go:32.17,35.3 2 1
github.com/sunthewhat/easy-cert-api/api/controllers/certificate/downloadArchive.go:37.2,37.27 1 1
github.com/sunthewhat/easy-cert-api/api/controllers/certificate/downloadArchive.go:37.27,40.3 2 1
github.com/sunthewhat/easy-cert-api/api/controllers/certificate/downloadArchive.go:43.2,46.59 2 0
github.com/sunthewhat/easy-cert-api/api/controllers/certificate/downloadArchive.go:46.59,50.22 2 0
github.com/sunthewhat/easy-cert-api/api/controllers/certificate/downloadArchive.go:50.22,55.54 3 0
github.com/sunthewhat/easy-cert-api/api/controllers/certificate/downloadArchive.go:55.54,57.5 1 0
github.com/sunthewhat/easy-cert-api/api/controllers/certificate/downloadArchive.go:57.10,62.5 2 0
github.com/sunthewhat/easy-cert-api/api/controllers/certificate/downloadArchive.go:63.9,68.4 2 0
github.com/sunthewhat/easy-cert-api/api/controllers/certificate/downloadArchive.go:69.8,73.24 3 0
github.com/sunthewhat/easy-cert-api/api/controllers/certificate/downloadArchive.go:73.24,79.4 2 0
github.com/sunthewhat/easy-cert-api/api/controllers/certificate/downloadArchive.go:82.2,86.16 3 0
github.com/sunthewhat/easy-cert-api/api/controllers/certificate/downloadArchive.go:86.16,92.3 2 0
github.com/sunthewhat/easy-cert-api/api/controllers/certificate/downloadArchive.go:93.2,97.16 3 0
github.com/sunthewhat/easy-cert-api/api/controllers/certificate/downloadArchive.go:97.16,103.3 2 0
github.com/sunthewhat/easy-cert-api/api/controllers/certificate/downloadArchive.go:106.2,116.12 6 0
github.com/sunthewhat/easy-cert-api/api/controllers/certificate/downloadArchive.go:116.12,118.20 2 0
github.com/sunthewhat/easy-cert-api/api/controllers/certificate/downloadArchive.go:118.20,123.4 2 0
github.com/sunthewhat/easy-cert-api/api/controllers/certificate/downloadArchive.go:125.3,128.44 3 0
github.com/sunthewhat/easy-cert-api/api/controllers/certificate/downloadArchive.go:128.44,129.33 1 0
github.com/sunthewhat/easy-cert-api/api/controllers/certificate/downloadArchive.go:129.33,131.23 2 0
github.com/sunthewhat/easy-cert-api/api/controllers/certificate/downloadArchive.go:131.23,137.6 2 0
github.com/sunthewhat/easy-cert-api/api/controllers/certificate/downloadArchive.go:137.11,139.6 1 0
github.com/sunthewhat/easy-cert-api/api/controllers/certificate/downloadArchive.go:143.3,147.24 1 0
github.com/sunthewhat/easy-cert-api/api/controllers/certificate/downloadArchive.go:151.2,152.16 2 0
github.com/sunthewhat/easy-cert-api/api/controllers/certificate/downloadArchive.go:152.16,158.3 2 0
github.com/sunthewhat/easy-cert-api/api/controllers/certificate/downloadArchive.go:160.2,165.12 2 0
github.com/sunthewhat/easy-cert-api/api/controllers/certificate/getAnchorList.go:12.70,15.18 2 1
github.com/sunthewhat/easy-cert-api/api/controllers/certificate/getAnchorList.go:15.18,18.3 2 0
github.com/sunthewhat/easy-cert-api/api/controllers/certificate/getAnchorList.go:20.2,22.16 2 1
github.com/sunthewhat/easy-cert-api/api/controllers/certificate/getAnchorList.go:22.16,25.3 2 0
github.com/sunthewhat/easy-cert-api/api/controllers/certificate/getAnchorList.go:27.2,27.17 1 1
github.com/sunthewhat/easy-cert-api/api/controllers/certificate/getAnchorList.go:27.17,30.3 2 1
github.com/sunthewhat/easy-cert-api/api/controllers/certificate/getAnchorList.go:33.2,34.69 2 1
github.com/sunthewhat/easy-cert-api/api/controllers/certificate/getAnchorList.go:34.69,37.3 2 1
github.com/sunthewhat/easy-cert-api/api/controllers/certificate/getAnchorList.go:40.2,41.9 2 1
github.com/sunthewhat/easy-cert-api/api/controllers/certificate/getAnchorList.go:41.9,44.3 2 1
github.com/sunthewhat/easy-cert-api/api/controllers/certificate/getAnchorList.go:47.2,48.30 2 1
github.com/sunthewhat/easy-cert-api/api/controllers/certificate/getAnchorList.go:48.30,50.10 2 1
github.com/sunthewhat/easy-cert-api/api/controllers/certificate/getAnchorList.go:50.10,51.12 1 0
github.com/sunthewhat/easy-cert-api/api/controllers/certificate/getAnchorList.go:54.3,55.54 2 1
github.com/sunthewhat/easy-cert-api/api/controllers/certificate/getAnchorList.go:55.54,59.4 2 1
github.com/sunthewhat/easy-cert-api/api/controllers/certificate/getAnchorList.go:62.2,62.83 1 1
github.com/sunthewhat/easy-cert-api/api/controllers/certificate/getById.go:10.64,13.18 2 1
github.com/sunthewhat/easy-cert-api/api/controllers/certificate/getById.go:13.18,16.3 2 0
github.com/sunthewhat/easy-cert-api/api/controllers/certificate/getById.go:18.2,20.16 2 1
github.com/sunthewhat/easy-cert-api/api/controllers/certificate/getById.go:20.16,23.3 2 1
github.com/sunthewhat/easy-cert-api/api/controllers/certificate/getById.go:25.2,25.17 1 1
github.com/sunthewhat/easy-cert-api/api/controllers/certificate/getById.go:25.17,28.3 2 1
github.com/sunthewhat/easy-cert-api/api/controllers/certificate/getById.go:30.2,31.59 2 1
github.com/sunthewhat/easy-cert-api/api/controllers/certificate/getByUser.go:11.66,14.14 2 1
github.com/sunthewhat/easy-cert-api/api/controllers/certificate/getByUser.go:14.14,17.3 2 1
github.com/sunthewhat/easy-cert-api/api/controllers/certificate/getByUser.go:19.2,21.16 2 1
github.com/sunthewhat/easy-cert-api/api/controllers/certificate/getByUser.go:21.16,24.3 2 1
github.com/sunthewhat/easy-cert-api/api/controllers/certificate/getByUser.go:26.2,27.69 2 1
github.com/sunthewhat/easy-cert-api/api/controllers/certificate/render.go:20.63,25.18 3 0
github.com/sunthewhat/easy-cert-api/api/controllers/certificate/render.go:25.18,28.3 2 0
github.com/sunthewhat/easy-cert-api/api/controllers/certificate/render.go:31.2,32.16 2 0
github.com/sunthewhat/easy-cert-api/api/controllers/certificate/render.go:32.16,35.3 2 0
github.com/sunthewhat/easy-cert-api/api/controllers/certificate/render.go:37.2,37.17 1 0
github.com/sunthewhat/easy-cert-api/api/controllers/certificate/render.go:37.17,40.3 2 0
github.com/sunthewhat/easy-cert-api/api/controllers/certificate/render.go:42.2,42.25 1 0
github.com/sunthewhat/easy-cert-api/api/controllers/certificate/render.go:42.25,44.17 2 0
github.com/sunthewhat/easy-cert-api/api/controllers/certificate/render.go:44.17,46.4 1 0
github.com/sunthewhat/easy-cert-api/api/controllers/certificate/render.go:49.2,51.14 2 0
github.com/sunthewhat/easy-cert-api/api/controllers/certificate/render.go:51.14,54.3 2 0
github.com/sunthewhat/easy-cert-api/api/controllers/certificate/render.go:56.2,56.27 1 0
github.com/sunthewhat/easy-cert-api/api/controllers/certificate/render.go:56.27,59.3 2 0
github.com/sunthewhat/easy-cert-api/api/controllers/certificate/render.go:62.2,63.16 2 0
github.com/sunthewhat/easy-cert-api/api/controllers/certificate/render.go:63.16,66.3 2 0
github.com/sunthewhat/easy-cert-api/api/controllers/certificate/render.go:69.2,70.19 2 0
github.com/sunthewhat/easy-cert-api/api/controllers/certificate/render.go:70.19,73.3 2 0
github.com/sunthewhat/easy-cert-api/api/controllers/certificate/render.go:76.2,77.33 2 0
github.com/sunthewhat/easy-cert-api/api/controllers/certificate/render.go:77.33,78.42 1 0
github.com/sunthewhat/easy-cert-api/api/controllers/certificate/render.go:78.42,80.25 2 0
github.com/sunthewhat/easy-cert-api/api/controllers/certificate/render.go:80.25,85.13 2 0
github.com/sunthewhat/easy-cert-api/api/controllers/certificate/render.go:88.4,88.89 1 0
github.com/sunthewhat/easy-cert-api/api/controllers/certificate/render.go:92.2,99.26 3 0
github.com/sunthewhat/easy-cert-api/api/controllers/certificate/render.go:99.26,103.3 2 0
github.com/sunthewhat/easy-cert-api/api/controllers/certificate/render.go:103.8,105.37 1 0
github.com/sunthewhat/easy-cert-api/api/controllers/certificate/render.go:105.37,106.34 1 0
github.com/sunthewhat/easy-cert-api/api/controllers/certificate/render.go:106.34,108.5 1 0
github.com/sunthewhat/easy-cert-api/api/controllers/certificate/render.go:110.3,113.40 1 0
github.com/sunthewhat/easy-cert-api/api/controllers/certificate/render.go:117.2,117.27 1 0
github.com/sunthewhat/easy-cert-api/api/controllers/certificate/render.go:117.27,119.34 2 0
github.com/sunthewhat/easy-cert-api/api/controllers/certificate/render.go:119.34,121.4 1 0
github.com/sunthewhat/easy-cert-api/api/controllers/certificate/render.go:123.3,124.17 2 0
github.com/sunthewhat/easy-cert-api/api/controllers/certificate/render.go:124.17,130.4 1 0
github.com/sunthewhat/easy-cert-api/api/controllers/certificate/render.go:130.9,134.4 1 0
github.com/sunthewhat/easy-cert-api/api/controllers/certificate/render.go:138.2,138.27 1 0
github.com/sunthewhat/easy-cert-api/api/controllers/certificate/render.go:138.27,145.17 4 0
github.com/sunthewhat/easy-cert-api/api/controllers/certificate/render.go:145.17,150.4 1 0
github.com/sunthewhat/easy-cert-api/api/controllers/certificate/render.go:150.9,153.4 1 0
github.com/sunthewhat/easy-cert-api/api/controllers/certificate/render.go:157.2,157.27 1 0
github.com/sunthewhat/easy-cert-api/api/controllers/certificate/render.go:157.27,166.34 5 0
github.com/sunthewhat/easy-cert-api/api/controllers/certificate/render.go:166.34,167.30 1 0
github.com/sunthewhat/easy-cert-api/api/controllers/certificate/render.go:167.30,169.19 2 0
github.com/sunthewhat/easy-cert-api/api/controllers/certificate/render.go:169.19,175.6 2 0
github.com/sunthewhat/easy-cert-api/api/controllers/certificate/render.go:175.11,180.6 2 0
github.com/sunthewhat/easy-cert-api/api/controllers/certificate/render.go:184.3,187.32 1 0
github.com/sunthewhat/easy-cert-api/api/controllers/certificate/render.go:190.2,197.16 3 0
github.com/sunthewhat/easy-cert-api/api/controllers/certificate/render.go:197.16,200.3 2 0
github.com/sunthewhat/easy-cert-api/api/controllers/certificate/render.go:201.2,209.33 5 0
github.com/sunthewhat/easy-cert-api/api/controllers/certificate/render.go:209.33,211.3 1 0
github.com/sunthewhat/easy-cert-api/api/controllers/certificate/render.go:213.2,213.32 1 0
github.com/sunthewhat/easy-cert-api/api/controllers/certificate/render.go:213.32,219.3 1 0
github.com/sunthewhat/easy-cert-api/api/controllers/certificate/render.go:222.2,231.16 3 0
github.com/sunthewhat/easy-cert-api/api/controllers/certificate/render.go:231.16,234.3 2 0
github.com/sunthewhat/easy-cert-api/api/controllers/certificate/render.go:237.2,237.23 1 0
github.com/sunthewhat/easy-cert-api/api/controllers/certificate/render.go:237.23,242.3 3 0
github.com/sunthewhat/easy-cert-api/api/controllers/certificate/render.go:245.2,245.33 1 0
github.com/sunthewhat/easy-cert-api/api/controllers/certificate/render.go:245.33,246.58 1 0
github.com/sunthewhat/easy-cert-api/api/controllers/certificate/render.go:246.58,250.18 3 0
github.com/sunthewhat/easy-cert-api/api/controllers/certificate/render.go:250.18,255.5 1 0
github.com/sunthewhat/easy-cert-api/api/controllers/certificate/render.go:255.10,260.5 1 0
github.com/sunthewhat/easy-cert-api/api/controllers/certificate/render.go:265.2,266.16 2 0
github.com/sunthewhat/easy-cert-api/api/controllers/certificate/render.go:266.16,273.3 2 0
github.com/sunthewhat/easy-cert-api/api/controllers/certificate/render.go:275.2,284.4 2 0
github.com/sunthewhat/easy-cert-api/api/controllers/certificate/sendMail.go:11.73,15.22 3 1
github.com/sunthewhat/easy-cert-api/api/controllers/certificate/sendMail.go:15.22,17.3 1 1
github.com/sunthewhat/easy-cert-api/api/controllers/certificate/sendMail.go:19.2,20.16 2 1
github.com/sunthewhat/easy-cert-api/api/controllers/certificate/sendMail.go:20.16,23.3 2 1
github.com/sunthewhat/easy-cert-api/api/controllers/certificate/sendMail.go:25.2,25.17 1 1
github.com/sunthewhat/easy-cert-api/api/controllers/certificate/sendMail.go:25.17,28.3 2 1
github.com/sunthewhat/easy-cert-api/api/controllers/certificate/sendMail.go:30.2,31.16 2 0
github.com/sunthewhat/easy-cert-api/api/controllers/certificate/sendMail.go:31.16,34.3 2 0
github.com/sunthewhat/easy-cert-api/api/controllers/certificate/sendMail.go:36.2,40.43 4 0
github.com/sunthewhat/easy-cert-api/api/controllers/certificate/sendMail.go:40.43,46.43 2 0
github.com/sunthewhat/easy-cert-api/api/controllers/certificate/sendMail.go:46.43,54.12 5 0
github.com/sunthewhat/easy-cert-api/api/controllers/certificate/sendMail.go:57.3,57.39 1 0
github.com/sunthewhat/easy-cert-api/api/controllers/certificate/sendMail.go:57.39,63.12 5 0
github.com/sunthewhat/easy-cert-api/api/controllers/certificate/sendMail.go:67.3,68.14 2 0
github.com/sunthewhat/easy-cert-api/api/controllers/certificate/sendMail.go:68.14,77.12 5 0
github.com/sunthewhat/easy-cert-api/api/controllers/certificate/sendMail.go:81.3,82.10 2 0
github.com/sunthewhat/easy-cert-api/api/controllers/certificate/sendMail.go:82.10,92.12 5 0
github.com/sunthewhat/easy-cert-api/api/controllers/certificate/sendMail.go:95.3,95.18 1 0
github.com/sunthewhat/easy-cert-api/api/controllers/certificate/sendMail.go:95.18,103.12 5 0
github.com/sunthewhat/easy-cert-api/api/controllers/certificate/sendMail.go:106.3,109.17 3 0
github.com/sunthewhat/easy-cert-api/api/controllers/certificate/sendMail.go:109.17,119.4 4 0
github.com/sunthewhat/easy-cert-api/api/controllers/certificate/sendMail.go:119.9,122.18 2 0
github.com/sunthewhat/easy-cert-api/api/controllers/certificate/sendMail.go:122.18,126.5 1 0
github.com/sunthewhat/easy-cert-api/api/controllers/certificate/sendMail.go:128.4,132.20 2 0
github.com/sunthewhat/easy-cert-api/api/controllers/certificate/sendMail.go:137.2,147.77 2 0
github.com/sunthewhat/easy-cert-api/api/controllers/certificate/sendMail.go:151.78,154.25 2 0
github.com/sunthewhat/easy-cert-api/api/controllers/certificate/sendMail.go:154.25,156.3 1 0
github.com/sunthewhat/easy-cert-api/api/controllers/certificate/sendMail.go:159.2,160.16 2 0
github.com/sunthewhat/easy-cert-api/api/controllers/certificate/sendMail.go:160.16,163.3 2 0
github.com/sunthewhat/easy-cert-api/api/controllers/certificate/sendMail.go:165.2,165.24 1 0
github.com/sunthewhat/easy-cert-api/api/controllers/certificate/sendMail.go:165.24,168.3 2 0
github.com/sunthewhat/easy-cert-api/api/controllers/certificate/sendMail.go:171.2,171.38 1 0
github.com/sunthewhat/easy-cert-api/api/controllers/certificate/sendMail.go:171.38,175.3 3 0
github.com/sunthewhat/easy-cert-api/api/controllers/certificate/sendMail.go:178.2,179.13 2 0
github.com/sunthewhat/easy-cert-api/api/controllers/certificate/sendMail.go:179.13,184.3 3 0
github.com/sunthewhat/easy-cert-api/api/controllers/certificate/sendMail.go:187.2,188.9 2 0
github.com/sunthewhat/easy-cert-api/api/controllers/certificate/sendMail.go:188.9,194.3 3 0
github.com/sunthewhat/easy-cert-api/api/controllers/certificate/sendMail.go:196.2,196.17 1 0
github.com/sunthewhat/easy-cert-api/api/controllers/certificate/sendMail.go:196.17,200.3 3 0
github.com/sunthewhat/easy-cert-api/api/controllers/certificate/sendMail.go:203.2,204.16 2 0
github.com/sunthewhat/easy-cert-api/api/controllers/certificate/sendMail.go:204.16,211.3 3 0
github.com/sunthewhat/easy-cert-api/api/controllers/certificate/sendMail.go:214.2,215.16 2 0
github.com/sunthewhat/easy-cert-api/api/controllers/certificate/sendMail.go:215.16,220.3 1 0
github.com/sunthewhat/easy-cert-api/api/controllers/certificate/sendMail.go:222.2,235.73 3 0
github.com/sunthewhat/easy-cert-api/api/controllers/certificate/update.go:17.70,19.68 2 0
github.com/sunthewhat/easy-cert-api/api/controllers/certificate/update.go:19.68,21.3 1 0
github.com/sunthewhat/easy-cert-api/api/controllers/certificate/update.go:23.2,24.9 2 0
github.com/sunthewhat/easy-cert-api/api/controllers/certificate/update.go:24.9,26.3 1 0
github.com/sunthewhat/easy-cert-api/api/controllers/certificate/update.go:28.2,29.30 2 0
github.com/sunthewhat/easy-cert-api/api/controllers/certificate/update.go:29.30,31.10 2 0
github.com/sunthewhat/easy-cert-api/api/controllers/certificate/update.go:31.10,32.12 1 0
github.com/sunthewhat/easy-cert-api/api/controllers/certificate/update.go:35.3,36.52 2 0
github.com/sunthewhat/easy-cert-api/api/controllers/certificate/update.go:36.52,39.4 2 0
github.com/sunthewhat/easy-cert-api/api/controllers/certificate/update.go:43.2,44.34 2 0
github.com/sunthewhat/easy-cert-api/api/controllers/certificate/update.go:44.34,46.3 1 0
github.com/sunthewhat/easy-cert-api/api/controllers/certificate/update.go:48.2,48.20 1 0
github.com/sunthewhat/easy-cert-api/api/controllers/certificate/update.go:52.52,54.22 2 0
github.com/sunthewhat/easy-cert-api/api/controllers/certificate/update.go:54.22,56.3 1 0
github.com/sunthewhat/easy-cert-api/api/controllers/certificate/update.go:57.2,58.22 2 0
github.com/sunthewhat/easy-cert-api/api/controllers/certificate/update.go:58.22,59.13 1 0
github.com/sunthewhat/easy-cert-api/api/controllers/certificate/update.go:59.13,61.4 1 0
github.com/sunthewhat/easy-cert-api/api/controllers/certificate/update.go:63.2,63.13 1 0
github.com/sunthewhat/easy-cert-api/api/controllers/certificate/update.go:66.63,69.14 2 1
github.com/sunthewhat/easy-cert-api/api/controllers/certificate/update.go:69.14,71.3 1 0
github.com/sunthewhat/easy-cert-api/api/controllers/certificate/update.go:73.2,79.43 4 1
github.com/sunthewhat/easy-cert-api/api/controllers/certificate/update.go:79.43,81.3 1 1
github.com/sunthewhat/easy-cert-api/api/controllers/certificate/update.go:84.2,84.50 1 1
github.com/sunthewhat/easy-cert-api/api/controllers/certificate/update.go:84.50,87.3 2 0
github.com/sunthewhat/easy-cert-api/api/controllers/certificate/update.go:90.2,90.42 1 1
github.com/sunthewhat/easy-cert-api/api/controllers/certificate/update.go:90.42,92.3 1 1
github.com/sunthewhat/easy-cert-api/api/controllers/certificate/update.go:95.2,96.22 2 1
github.com/sunthewhat/easy-cert-api/api/controllers/certificate/update.go:96.22,97.51 1 1
github.com/sunthewhat/easy-cert-api/api/controllers/certificate/update.go:97.51,100.4 2 1
github.com/sunthewhat/easy-cert-api/api/controllers/certificate/update.go:101.3,102.50 2 0
github.com/sunthewhat/easy-cert-api/api/controllers/certificate/update.go:106.2,106.23 1 1
github.com/sunthewhat/easy-cert-api/api/controllers/certificate/update.go:106.23,108.24 2 0
github.com/sunthewhat/easy-cert-api/api/controllers/certificate/update.go:108.24,111.4 1 0
github.com/sunthewhat/easy-cert-api/api/controllers/certificate/update.go:115.2,115.38 1 1
github.com/sunthewhat/easy-cert-api/api/controllers/certificate/update.go:115.38,119.24 3 0
github.com/sunthewhat/easy-cert-api/api/controllers/certificate/update.go:119.24,121.4 1 0
github.com/sunthewhat/easy-cert-api/api/controllers/certificate/update.go:121.9,124.21 2 0
github.com/sunthewhat/easy-cert-api/api/controllers/certificate/update.go:124.21,126.5 1 0
github.com/sunthewhat/easy-cert-api/api/controllers/certificate/update.go:126.10,129.44 2 0
github.com/sunthewhat/easy-cert-api/api/controllers/certificate/update.go:129.44,131.6 1 0
github.com/sunthewhat/easy-cert-api/api/controllers/certificate/update.go:134.5,139.20 4 0
github.com/sunthewhat/easy-cert-api/api/controllers/certificate/update.go:139.20,141.6 1 0
github.com/sunthewhat/easy-cert-api/api/controllers/certificate/update.go:144.5,144.46 1 0
github.com/sunthewhat/easy-cert-api/api/controllers/certificate/update.go:144.46,147.26 3 0
github.com/sunthewhat/easy-cert-api/api/controllers/certificate/update.go:147.26,149.7 1 0
github.com/sunthewhat/easy-cert-api/api/controllers/certificate/update.go:149.12,152.25 2 0
github.com/sunthewhat/easy-cert-api/api/controllers/certificate/update.go:152.25,154.8 1 0
github.com/sunthewhat/easy-cert-api/api/controllers/certificate/update.go:157.7,158.26 2 0
github.com/sunthewhat/easy-cert-api/api/controllers/certificate/update.go:158.26,160.8 1 0
github.com/sunthewhat/easy-cert-api/api/controllers/certificate/update.go:165.5,165.34 1 0
github.com/sunthewhat/easy-cert-api/api/controllers/certificate/update.go:165.34,167.48 2 0
github.com/sunthewhat/easy-cert-api/api/controllers/certificate/update.go:167.48,169.27 2 0
github.com/sunthewhat/easy-cert-api/api/controllers/certificate/update.go:169.27,171.8 1 0
github.com/sunthewhat/easy-cert-api/api/controllers/certificate/update.go:175.6,176.25 2 0
github.com/sunthewhat/easy-cert-api/api/controllers/certificate/update.go:176.25,178.7 1 0
github.com/sunthewhat/easy-cert-api/api/controllers/certificate/update.go:178.12,178.28 1 0
github.com/sunthewhat/easy-cert-api/api/controllers/certificate/update.go:178.28,183.25 3 0
github.com/sunthewhat/easy-cert-api/api/controllers/certificate/update.go:183.25,185.8 1 0
github.com/sunthewhat/easy-cert-api/api/controllers/certificate/update.go:187.7,188.27 2 0
github.com/sunthewhat/easy-cert-api/api/controllers/certificate/update.go:188.27,190.8 1 0
github.com/sunthewhat/easy-cert-api/api/controllers/certificate/update.go:190.13,192.8 1 0
github.com/sunthewhat/easy-cert-api/api/controllers/certificate/update.go:193.12,196.25 2 0
github.com/sunthewhat/easy-cert-api/api/controllers/certificate/update.go:196.25,198.8 1 0
github.com/sunthewhat/easy-cert-api/api/controllers/certificate/update.go:202.5,202.63 1 0
github.com/sunthewhat/easy-cert-api/api/controllers/certificate/update.go:202.63,204.6 1 0
github.com/sunthewhat/easy-cert-api/api/controllers/certificate/update.go:209.2,211.17 2 1
github.com/sunthewhat/easy-cert-api/api/controllers/certificate/update.go:211.17,214.3 1 1
github.com/sunthewhat/easy-cert-api/api/controllers/certificate/update.go:216.2,216.81 1 1
github.com/sunthewhat/easy-cert-api/api/controllers/signer/controller.go:21.21,27.2 1 1
github.com/sunthewhat/easy-cert-api/api/controllers/signer/create.go:13.58,16.43 2 1
github.com/sunthewhat/easy-cert-api/api/controllers/signer/create.go:16.43,18.3 1 1
github.com/sunthewhat/easy-cert-api/api/controllers/signer/create.go:20.2,20.50 1 1
github.com/sunthewhat/easy-cert-api/api/controllers/signer/create.go:20.50,23.3 2 1
github.com/sunthewhat/easy-cert-api/api/controllers/signer/create.go:25.2,27.13 2 1
github.com/sunthewhat/easy-cert-api/api/controllers/signer/create.go:27.13,30.3 2 1
github.com/sunthewhat/easy-cert-api/api/controllers/signer/create.go:32.2,34.16 2 1
github.com/sunthewhat/easy-cert-api/api/controllers/signer/create.go:34.16,36.3 1 1
github.com/sunthewhat/easy-cert-api/api/controllers/signer/create.go:38.2,38.20 1 1
github.com/sunthewhat/easy-cert-api/api/controllers/signer/create.go:38.20,40.3 1 1
github.com/sunthewhat/easy-cert-api/api/controllers/signer/create.go:42.2,44.16 2 1
github.com/sunthewhat/easy-cert-api/api/controllers/signer/create.go:44.16,46.3 1 1
github.com/sunthewhat/easy-cert-api/api/controllers/signer/create.go:48.2,48.61 1 1
github.com/sunthewhat/easy-cert-api/api/controllers/signer/getByUser.go:11.61,14.14 2 1
github.com/sunthewhat/easy-cert-api/api/controllers/signer/getByUser.go:14.14,17.3 2 1
github.com/sunthewhat/easy-cert-api/api/controllers/signer/getByUser.go:19.2,21.16 2 1
github.com/sunthewhat/easy-cert-api/api/controllers/signer/getByUser.go:21.16,23.3 1 1
github.com/sunthewhat/easy-cert-api/api/controllers/signer/getByUser.go:25.2,27.59 2 1
github.com/sunthewhat/easy-cert-api/api/controllers/signer/getStatus.go:19.61,22.14 2 1
github.com/sunthewhat/easy-cert-api/api/controllers/signer/getStatus.go:22.14,25.3 2 1
github.com/sunthewhat/easy-cert-api/api/controllers/signer/getStatus.go:27.2,31.16 3 1
github.com/sunthewhat/easy-cert-api/api/controllers/signer/getStatus.go:31.16,33.3 1 1
github.com/sunthewhat/easy-cert-api/api/controllers/signer/getStatus.go:35.2,35.27 1 1
github.com/sunthewhat/easy-cert-api/api/controllers/signer/getStatus.go:35.27,38.3 2 1
github.com/sunthewhat/easy-cert-api/api/controllers/signer/getStatus.go:40.2,42.16 2 1
github.com/sunthewhat/easy-cert-api/api/controllers/signer/getStatus.go:42.16,44.3 1 1
github.com/sunthewhat/easy-cert-api/api/controllers/signer/getStatus.go:46.2,48.33 2 1
github.com/sunthewhat/easy-cert-api/api/controllers/signer/getStatus.go:48.33,50.17 2 1
github.com/sunthewhat/easy-cert-api/api/controllers/signer/getStatus.go:50.17,52.4 1 1
github.com/sunthewhat/easy-cert-api/api/controllers/signer/getStatus.go:52.9,60.4 1 1
github.com/sunthewhat/easy-cert-api/api/controllers/signer/getStatus.go:63.2,63.89 1 1
