mode: set
github.com/sunthewhat/easy-cert-api/api/controllers/certificate/checkGenerateStatus.go:16.76,21.16 3 1
github.com/sunthewhat/easy-cert-api/api/controllers/certificate/checkGenerateStatus.go:21.16,24.3 2 0
github.com/sunthewhat/easy-cert-api/api/controllers/certificate/checkGenerateStatus.go:26.2,26.17 1 1
github.com/sunthewhat/easy-cert-api/api/controllers/certificate/checkGenerateStatus.go:26.17,29.3 2 1
github.com/sunthewhat/easy-cert-api/api/controllers/certificate/checkGenerateStatus.go:31.2,33.20 2 1
github.com/sunthewhat/easy-cert-api/api/controllers/certificate/checkGenerateStatus.go:33.20,35.17 2 1
github.com/sunthewhat/easy-cert-api/api/controllers/certificate/checkGenerateStatus.go:35.17,37.4 1 0
github.com/sunthewhat/easy-cert-api/api/controllers/certificate/checkGenerateStatus.go:39.3,39.24 1 1
github.com/sunthewhat/easy-cert-api/api/controllers/certificate/checkGenerateStatus.go:39.24,47.4 2 1
github.com/sunthewhat/easy-cert-api/api/controllers/certificate/checkGenerateStatus.go:50.2,50.25 1 1
github.com/sunthewhat/easy-cert-api/api/controllers/certificate/checkGenerateStatus.go:50.25,57.3 2 1
github.com/sunthewhat/easy-cert-api/api/controllers/certificate/checkGenerateStatus.go:59.2,61.16 2 1
github.com/sunthewhat/easy-cert-api/api/controllers/certificate/checkGenerateStatus.go:61.16,64.3 2 0
github.com/sunthewhat/easy-cert-api/api/controllers/certificate/checkGenerateStatus.go:66.2,68.33 2 1
github.com/sunthewhat/easy-cert-api/api/controllers/certificate/checkGenerateStatus.go:68.33,69.29 1 1
github.com/sunthewhat/easy-cert-api/api/controllers/certificate/checkGenerateStatus.go:69.29,71.9 2 1
github.com/sunthewhat/easy-cert-api/api/controllers/certificate/checkGenerateStatus.go:75.2,81.78 2 1
github.com/sunthewhat/easy-cert-api/api/controllers/certificate/controller.go:21.26,27.2 1 1
github.com/sunthewhat/easy-cert-api/api/controllers/certificate/create.go:13.63,16.43 2 1
github.com/sunthewhat/easy-cert-api/api/controllers/certificate/create.go:16.43,18.3 1 1
github.com/sunthewhat/easy-cert-api/api/controllers/certificate/create.go:20.2,20.50 1 1
github.com/sunthewhat/easy-cert-api/api/controllers/certificate/create.go:20.50,23.3 2 1
github.com/sunthewhat/easy-cert-api/api/controllers/certificate/create.go:25.2,27.13 2 1
github.com/sunthewhat/easy-cert-api/api/controllers/certificate/create.go:27.13,30.3 2 1
github.com/sunthewhat/easy-cert-api/api/controllers/certificate/create.go:32.2,34.16 2 1
github.com/sunthewhat/easy-cert-api/api/controllers/certificate/create.go:34.16,36.3 1 1
github.com/sunthewhat/easy-cert-api/api/controllers/certificate/create.go:39.2,41.64 2 1
github.com/sunthewhat/easy-cert-api/api/controllers/certificate/delete.go:10.63,13.18 2 1
github.com/sunthewhat/easy-cert-api/api/controllers/certificate/delete.go:13.18,16.3 2 0
github.com/sunthewhat/easy-cert-api/api/controllers/certificate/delete.go:18.2,20.16 2 1
github.com/sunthewhat/easy-cert-api/api/controllers/certificate/delete.go:20.16,23.3 2 1
github.com/sunthewhat/easy-cert-api/api/controllers/certificate/delete.go:25.2,25.17 1 1
github.com/sunthewhat/easy-cert-api/api/controllers/certificate/delete.go:25.17,28.3 2 1
github.com/sunthewhat/easy-cert-api/api/controllers/certificate/delete.go:31.2,32.16 2 1
github.com/sunthewhat/easy-cert-api/api/controllers/certificate/delete.go:32.16,35.3 2 1
github.com/sunthewhat/easy-cert-api/api/controllers/certificate/delete.go:38.2,39.16 2 1
github.com/sunthewhat/easy-cert-api/api/controllers/certificate/delete.go:39.16,42.3 2 1
github.com/sunthewhat/easy-cert-api/api/controllers/certificate/delete.go:43.2,47.16 3 1
github.com/sunthewhat/easy-cert-api/api/controllers/certificate/delete.go:47.16,49.45 2 1
github.com/sunthewhat/easy-cert-api/api/controllers/certificate/delete.go:49.45,51.4 1 1
github.com/sunthewhat/easy-cert-api/api/controllers/certificate/delete.go:52.3,52.44 1 0
github.com/sunthewhat/easy-cert-api/api/controllers/certificate/delete.go:55.2,60.4 2 1
github.com/sunthewhat/easy-cert-api/api/controllers/certificate/downloadArchive.go:17.72,20.18 2 1
github.com/sunthewhat/easy-cert-api/api/controllers/certificate/downloadArchive.go:20.18,23.3 2 0
github.com/sunthewhat/easy-cert-api/api/controllers/certificate/downloadArchive.go:26.2,27.16 2 1
github.com/sunthewhat/easy-cert-api/api/controllers/certificate/downloadArchive.go:27.16,30.3 2 1
github.com/sunthewhat/easy-cert-api/api/controllers/certificate/downloadArchive.go:32.2,32.17 1 1
github.com/sunthewhat/easy-cert-api/api/controllers/certificate/downloadArchive.go:32.17,35.3 2 1
github.com/sunthewhat/easy-cert-api/api/controllers/certificate/downloadArchive.go:37.2,37.27 1 1
github.com/sunthewhat/easy-cert-api/api/controllers/certificate/downloadArchive.go:37.27,40.3 2 1
github.com/sunthewhat/easy-cert-api/api/controllers/certificate/downloadArchive.go:43.2,46.59 2 0
github.com/sunthewhat/easy-cert-api/api/controllers/certificate/downloadArchive.go:46.59,50.22 2 0
github.com/sunthewhat/easy-cert-api/api/controllers/certificate/downloadArchive.go:50.22,55.54 3 0
github.com/sunthewhat/easy-cert-api/api/controllers/certificate/downloadArchive.go:55.54,57.5 1 0
github.com/sunthewhat/easy-cert-api/api/controllers/certificate/downloadArchive.go:57.10,62.5 2 0
github.com/sunthewhat/easy-cert-api/api/controllers/certificate/downloadArchive.go:63.9,68.4 2 0
github.com/sunthewhat/easy-cert-api/api/controllers/certificate/downloadArchive.go:69.8,73.24 3 0
github.com/sunthewhat/easy-cert-api/api/controllers/certificate/downloadArchive.go:73.24,79.4 2 0
github.com/sunthewhat/easy-cert-api/api/controllers/certificate/downloadArchive.go:82.2,86.16 3 0
github.com/sunthewhat/easy-cert-api/api/controllers/certificate/downloadArchive.go:86.16,92.3 2 0
github.com/sunthewhat/easy-cert-api/api/controllers/certificate/downloadArchive.go:93.2,97.16 3 0
github.com/sunthewhat/easy-cert-api/api/controllers/certificate/downloadArchive.go:97.16,103.3 2 0
github.com/sunthewhat/easy-cert-api/api/controllers/certificate/downloadArchive.go:106.2,116.12 6 0
github.com/sunthewhat/easy-cert-api/api/controllers/certificate/downloadArchive.go:116.12,118.20 2 0
github.com/sunthewhat/easy-cert-api/api/controllers/certificate/downloadArchive.go:118.20,123.4 2 0
github.com/sunthewhat/easy-cert-api/api/controllers/certificate/downloadArchive.go:125.3,128.44 3 0
github.com/sunthewhat/easy-cert-api/api/controllers/certificate/downloadArchive.go:128.44,129.33 1 0
github.com/sunthewhat/easy-cert-api/api/controllers/certificate/downloadArchive.go:129.33,131.23 2 0
github.com/sunthewhat/easy-cert-api/api/controllers/certificate/downloadArchive.go:131.23,137.6 2 0
github.com/sunthewhat/easy-cert-api/api/controllers/certificate/downloadArchive.go:137.11,139.6 1 0
github.com/sunthewhat/easy-cert-api/api/controllers/certificate/downloadArchive.go:143.3,147.24 1 0
github.com/sunthewhat/easy-cert-api/api/controllers/certificate/downloadArchive.go:151.2,152.16 2 0
github.com/sunthewhat/easy-cert-api/api/controllers/certificate/downloadArchive.go:152.16,158.3 2 0
github.com/sunthewhat/easy-cert-api/api/controllers/certificate/downloadArchive.go:160.2,165.12 2 0
github.com/sunthewhat/easy-cert-api/api/controllers/certificate/getAnchorList.go:12.70,15.18 2 1
github.com/sunthewhat/easy-cert-api/api/controllers/certificate/getAnchorList.go:15.18,18.3 2 0
github.com/sunthewhat/easy-cert-api/api/controllers/certificate/getAnchorList.go:20.2,22.16 2 1
github.com/sunthewhat/easy-cert-api/api/controllers/certificate/getAnchorList.go:22.16,25.3 2 0
github.com/sunthewhat/easy-cert-api/api/controllers/certificate/getAnchorList.go:27.2,27.17 1 1
github.com/sunthewhat/easy-cert-api/api/controllers/certificate/getAnchorList.go:27.17,30.3 2 1
github.com/sunthewhat/easy-cert-api/api/controllers/certificate/getAnchorList.go:33.2,34.69 2 1
github.com/sunthewhat/easy-cert-api/api/controllers/certificate/getAnchorList.go:34.69,37.3 2 1
github.com/sunthewhat/easy-cert-api/api/controllers/certificate/getAnchorList.go:40.2,41.9 2 1
github.com/sunthewhat/easy-cert-api/api/controllers/certificate/getAnchorList.go:41.9,44.3 2 1
github.com/sunthewhat/easy-cert-api/api/controllers/certificate/getAnchorList.go:47.2,48.30 2 1
github.com/sunthewhat/easy-cert-api/api/controllers/certificate/getAnchorList.go:48.30,50.10 2 1
github.com/sunthewhat/easy-cert-api/api/controllers/certificate/getAnchorList.go:50.10,51.12 1 0
github.com/sunthewhat/easy-cert-api/api/controllers/certificate/getAnchorList.go:54.3,55.54 2 1
github.com/sunthewhat/easy-cert-api/api/controllers/certificate/getAnchorList.go:55.54,59.4 2 1
github.com/sunthewhat/easy-cert-api/api/controllers/certificate/getAnchorList.go:62.2,62.83 1 1
github.com/sunthewhat/easy-cert-api/api/controllers/certificate/getById.go:10.64,13.18 2 1
github.com/sunthewhat/easy-cert-api/api/controllers/certificate/getById.go:13.18,16.3 2 0
github.com/sunthewhat/easy-cert-api/api/controllers/certificate/getById.go:18.2,20.16 2 1
github.com/sunthewhat/easy-cert-api/api/controllers/certificate/getById.go:20.16,23.3 2 1
github.com/sunthewhat/easy-cert-api/api/controllers/certificate/getById.go:25.2,25.17 1 1
github.com/sunthewhat/easy-cert-api/api/controllers/certificate/getById.go:25.17,28.3 2 1
github.com/sunthewhat/easy-cert-api/api/controllers/certificate/getById.go:30.2,31.59 2 1
github.com/sunthewhat/easy-cert-api/api/controllers/certificate/getByUser.go:11.66,14.14 2 1
github.com/sunthewhat/easy-cert-api/api/controllers/certificate/getByUser.go:14.14,17.3 2 1
github.com/sunthewhat/easy-cert-api/api/controllers/certificate/getByUser.go:19.2,21.16 2 1
github.com/sunthewhat/easy-cert-api/api/controllers/certificate/getByUser.go:21.16,24.3 2 1
github.com/sunthewhat/easy-cert-api/api/controllers/certificate/getByUser.go:26.2,27.69 2 1
github.com/sunthewhat/easy-cert-api/api/controllers/certificate/render.go:20.63,25.18 3 0
github.com/sunthewhat/easy-cert-api/api/controllers/certificate/render.go:25.18,28.3 2 0
github.com/sunthewhat/easy-cert-api/api/controllers/certificate/render.go:31.2,32.16 2 0
github.com/sunthewhat/easy-cert-api/api/controllers/certificate/render.go:32.16,35.3 2 0
github.com/sunthewhat/easy-cert-api/api/controllers/certificate/render.go:37.2,37.17 1 0
github.com/sunthewhat/easy-cert-api/api/controllers/certificate/render.go:37.17,40.3 2 0
github.com/sunthewhat/easy-cert-api/api/controllers/certificate/render.go:42.2,42.25 1 0
github.com/sunthewhat/easy-cert-api/api/controllers/certificate/render.go:42.25,44.17 2 0
github.com/sunthewhat/easy-cert-api/api/controllers/certificate/render.go:44.17,46.4 1 0
github.com/sunthewhat/easy-cert-api/api/controllers/certificate/render.go:49.2,51.14 2 0
github.com/sunthewhat/easy-cert-api/api/controllers/certificate/render.go:51.14,54.3 2 0
github.com/sunthewhat/easy-cert-api/api/controllers/certificate/render.go:56.2,56.27 1 0
github.com/sunthewhat/easy-cert-api/api/controllers/certificate/render.go:56.27,59.3 2 0
github.com/sunthewhat/easy-cert-api/api/controllers/certificate/render.go:62.2,63.16 2 0
github.com/sunthewhat/easy-cert-api/api/controllers/certificate/render.go:63.16,66.3 2 0
github.com/sunthewhat/easy-cert-api/api/controllers/certificate/render.go:69.2,70.19 2 0
github.com/sunthewhat/easy-cert-api/api/controllers/certificate/render.go:70.19,73.3 2 0
github.com/sunthewhat/easy-cert-api/api/controllers/certificate/render.go:76.2,77.33 2 0
github.com/sunthewhat/easy-cert-api/api/controllers/certificate/render.go:77.33,78.42 1 0
github.com/sunthewhat/easy-cert-api/api/controllers/certificate/render.go:78.42,80.25 2 0
github.com/sunthewhat/easy-cert-api/api/controllers/certificate/render.go:80.25,85.13 2 0
github.com/sunthewhat/easy-cert-api/api/controllers/certificate/render.go:88.4,88.89 1 0
github.com/sunthewhat/easy-cert-api/api/controllers/certificate/render.go:92.2,99.26 3 0
github.com/sunthewhat/easy-cert-api/api/controllers/certificate/render.go:99.26,103.3 2 0
github.com/sunthewhat/easy-cert-api/api/controllers/certificate/render.go:103.8,105.37 1 0
github.com/sunthewhat/easy-cert-api/api/controllers/certificate/render.go:105.37,106.34 1 0
github.com/sunthewhat/easy-cert-api/api/controllers/certificate/render.go:106.34,108.5 1 0
github.com/sunthewhat/easy-cert-api/api/controllers/certificate/render.go:110.3,113.40 1 0
github.com/sunthewhat/easy-cert-api/api/controllers/certificate/render.go:117.2,117.27 1 0
github.com/sunthewhat/easy-cert-api/api/controllers/certificate/render.go:117.27,119.34 2 0
github.com/sunthewhat/easy-cert-api/api/controllers/certificate/render.go:119.34,121.4 1 0
github.com/sunthewhat/easy-cert-api/api/controllers/certificate/render.go:123.3,124.17 2 0
github.com/sunthewhat/easy-cert-api/api/controllers/certificate/render.go:124.17,130.4 1 0
github.com/sunthewhat/easy-cert-api/api/controllers/certificate/render.go:130.9,134.4 1 0
github.com/sunthewhat/easy-cert-api/api/controllers/certificate/render.go:138.2,138.27 1 0
github.com/sunthewhat/easy-cert-api/api/controllers/certificate/render.go:138.27,145.17 4 0
github.com/sunthewhat/easy-cert-api/api/controllers/certificate/render.go:145.17,150.4 1 0
github.com/sunthewhat/easy-cert-api/api/controllers/certificate/render.go:150.9,153.4 1 0
github.com/sunthewhat/easy-cert-api/api/controllers/certificate/render.go:157.2,157.27 1 0
github.com/sunthewhat/easy-cert-api/api/controllers/certificate/render.go:157.27,166.34 5 0
github.com/sunthewhat/easy-cert-api/api/controllers/certificate/render.go:166.34,167.30 1 0
github.com/sunthewhat/easy-cert-api/api/controllers/certificate/render.go:167.30,169.19 2 0
github.com/sunthewhat/easy-cert-api/api/controllers/certificate/render.go:169.19,175.6 2 0
github.com/sunthewhat/easy-cert-api/api/controllers/certificate/render.go:175.11,180.6 2 0
github.com/sunthewhat/easy-cert-api/api/controllers/certificate/render.go:184.3,187.32 1 0
github.com/sunthewhat/easy-cert-api/api/controllers/certificate/render.go:190.2,197.16 3 0
github.com/sunthewhat/easy-cert-api/api/controllers/certificate/render.go:197.16,200.3 2 0
github.com/sunthewhat/easy-cert-api/api/controllers/certificate/render.go:201.2,209.33 5 0
github.com/sunthewhat/easy-cert-api/api/controllers/certificate/render.go:209.33,211.3 1 0
github.com/sunthewhat/easy-cert-api/api/controllers/certificate/render.go:213.2,213.32 1 0
github.com/sunthewhat/easy-cert-api/api/controllers/certificate/render.go:213.32,219.3 1 0
github.com/sunthewhat/easy-cert-api/api/controllers/certificate/render.go:222.2,231.16 3 0
github.com/sunthewhat/easy-cert-api/api/controllers/certificate/render.go:231.16,234.3 2 0
github.com/sunthewhat/easy-cert-api/api/controllers/certificate/render.go:237.2,237.23 1 0
github.com/sunthewhat/easy-cert-api/api/controllers/certificate/render.go:237.23,242.3 3 0
github.com/sunthewhat/easy-cert-api/api/controllers/certificate/render.go:245.2,245.33 1 0
github.com/sunthewhat/easy-cert-api/api/controllers/certificate/render.go:245.33,246.58 1 0
github.com/sunthewhat/easy-cert-api/api/controllers/certificate/render.go:246.58,250.18 3 0
github.com/sunthewhat/easy-cert-api/api/controllers/certificate/render.go:250.18,255.5 1 0
github.com/sunthewhat/easy-cert-api/api/controllers/certificate/render.go:255.10,260.5 1 0
github.com/sunthewhat/easy-cert-api/api/controllers/certificate/render.go:265.2,266.16 2 0
github.com/sunthewhat/easy-cert-api/api/controllers/certificate/render.go:266.16,273.3 2 0
github.com/sunthewhat/easy-cert-api/api/controllers/certificate/render.go:275.2,284.4 2 0
github.com/sunthewhat/easy-cert-api/api/controllers/certificate/sendMail.go:11.73,15.22 3 1
github.com/sunthewhat/easy-cert-api/api/controllers/certificate/sendMail.go:15.22,17.3 1 1
github.com/sunthewhat/easy-cert-api/api/controllers/certificate/sendMail.go:19.2,20.16 2 1
github.com/sunthewhat/easy-cert-api/api/controllers/certificate/sendMail.go:20.16,23.3 2 1
github.com/sunthewhat/easy-cert-api/api/controllers/certificate/sendMail.go:25.2,25.17 1 1
github.com/sunthewhat/easy-cert-api/api/controllers/certificate/sendMail.go:25.17,28.3 2 1
github.com/sunthewhat/easy-cert-api/api/controllers/certificate/sendMail.go:30.2,31.16 2 0
github.com/sunthewhat/easy-cert-api/api/controllers/certificate/sendMail.go:31.16,34.3 2 0
github.com/sunthewhat/easy-cert-api/api/controllers/certificate/sendMail.go:36.2,40.43 4 0
github.com/sunthewhat/easy-cert-api/api/controllers/certificate/sendMail.go:40.43,46.43 2 0
github.com/sunthewhat/easy-cert-api/api/controllers/certificate/sendMail.go:46.43,54.12 5 0
github.com/sunthewhat/easy-cert-api/api/controllers/certificate/sendMail.go:57.3,57.39 1 0
github.com/sunthewhat/easy-cert-api/api/controllers/certificate/sendMail.go:57.39,63.12 5 0
github.com/sunthewhat/easy-cert-api/api/controllers/certificate/sendMail.go:67.3,68.14 2 0
github.com/sunthewhat/easy-cert-api/api/controllers/certificate/sendMail.go:68.14,77.12 5 0
github.com/sunthewhat/easy-cert-api/api/controllers/certificate/sendMail.go:81.3,82.10 2 0
github.com/sunthewhat/easy-cert-api/api/controllers/certificate/sendMail.go:82.10,92.12 5 0
github.com/sunthewhat/easy-cert-api/api/controllers/certificate/sendMail.go:95.3,95.18 1 0
github.com/sunthewhat/easy-cert-api/api/controllers/certificate/sendMail.go:95.18,103.12 5 0
github.com/sunthewhat/easy-cert-api/api/controllers/certificate/sendMail.go:106.3,109.17 3 0
github.com/sunthewhat/easy-cert-api/api/controllers/certificate/sendMail.go:109.17,119.4 4 0
github.com/sunthewhat/easy-cert-api/api/controllers/certificate/sendMail.go:119.9,122.18 2 0
github.com/sunthewhat/easy-cert-api/api/controllers/certificate/sendMail.go:122.18,126.5 1 0
github.com/sunthewhat/easy-cert-api/api/controllers/certificate/sendMail.go:128.4,132.20 2 0
github.com/sunthewhat/easy-cert-api/api/controllers/certificate/sendMail.go:137.2,147.77 2 0
github.com/sunthewhat/easy-cert-api/api/controllers/certificate/sendMail.go:151.78,154.25 2 0
github.com/sunthewhat/easy-cert-api/api/controllers/certificate/sendMail.go:154.25,156.3 1 0
github.com/sunthewhat/easy-cert-api/api/controllers/certificate/sendMail.go:159.2,160.16 2 0
github.com/sunthewhat/easy-cert-api/api/controllers/certificate/sendMail.go:160.16,163.3 2 0
github.com/sunthewhat/easy-cert-api/api/controllers/certificate/sendMail.go:165.2,165.24 1 0
github.com/sunthewhat/easy-cert-api/api/controllers/certificate/sendMail.go:165.24,168.3 2 0
github.com/sunthewhat/easy-cert-api/api/controllers/certificate/sendMail.go:171.2,171.38 1 0
github.com/sunthewhat/easy-cert-api/api/controllers/certificate/sendMail.go:171.38,175.3 3 0
github.com/sunthewhat/easy-cert-api/api/controllers/certificate/sendMail.go:178.2,179.13 2 0
github.com/sunthewhat/easy-cert-api/api/controllers/certificate/sendMail.go:179.13,184.3 3 0
github.com/sunthewhat/easy-cert-api/api/controllers/certificate/sendMail.go:187.2,188.9 2 0
github.com/sunthewhat/easy-cert-api/api/controllers/certificate/sendMail.go:188.9,194.3 3 0
github.com/sunthewhat/easy-cert-api/api/controllers/certificate/sendMail.go:196.2,196.17 1 0
github.com/sunthewhat/easy-cert-api/api/controllers/certificate/sendMail.go:196.17,200.3 3 0
github.com/sunthewhat/easy-cert-api/api/controllers/certificate/sendMail.go:203.2,204.16 2 0
github.com/sunthewhat/easy-cert-api/api/controllers/certificate/sendMail.go:204.16,211.3 3 0
github.com/sunthewhat/easy-cert-api/api/controllers/certificate/sendMail.go:214.2,215.16 2 0
github.com/sunthewhat/easy-cert-api/api/controllers/certificate/sendMail.go:215.16,220.3 1 0
github.com/sunthewhat/easy-cert-api/api/controllers/certificate/sendMail.go:222.2,235.73 3 0
github.com/sunthewhat/easy-cert-api/api/controllers/certificate/update.go:17.70,19.68 2 0
github.com/sunthewhat/easy-cert-api/api/controllers/certificate/update.go:19.68,21.3 1 0
github.com/sunthewhat/easy-cert-api/api/controllers/certificate/update.go:23.2,24.9 2 0
github.com/sunthewhat/easy-cert-api/api/controllers/certificate/update.go:24.9,26.3 1 0
github.com/sunthewhat/easy-cert-api/api/controllers/certificate/update.go:28.2,29.30 2 0
github.com/sunthewhat/easy-cert-api/api/controllers/certificate/update.go:29.30,31.10 2 0
github.com/sunthewhat/easy-cert-api/api/controllers/certificate/update.go:31.10,32.12 1 0
github.com/sunthewhat/easy-cert-api/api/controllers/certificate/update.go:35.3,36.52 2 0
github.com/sunthewhat/easy-cert-api/api/controllers/certificate/update.go:36.52,39.4 2 0
github.com/sunthewhat/easy-cert-api/api/controllers/certificate/update.go:43.2,44.34 2 0
github.com/sunthewhat/easy-cert-api/api/controllers/certificate/update.go:44.34,46.3 1 0
github.com/sunthewhat/easy-cert-api/api/controllers/certificate/update.go:48.2,48.20 1 0
github.com/sunthewhat/easy-cert-api/api/controllers/certificate/update.go:52.52,54.22 2 0
github.com/sunthewhat/easy-cert-api/api/controllers/certificate/update.go:54.22,56.3 1 0
github.com/sunthewhat/easy-cert-api/api/controllers/certificate/update.go:57.2,58.22 2 0
github.com/sunthewhat/easy-cert-api/api/controllers/certificate/update.go:58.22,59.13 1 0
github.com/sunthewhat/easy-cert-api/api/controllers/certificate/update.go:59.13,61.4 1 0
github.com/sunthewhat/easy-cert-api/api/controllers/certificate/update.go:63.2,63.13 1 0
github.com/sunthewhat/easy-cert-api/api/controllers/certificate/update.go:66.63,69.14 2 1
github.com/sunthewhat/easy-cert-api/api/controllers/certificate/update.go:69.14,71.3 1 0
github.com/sunthewhat/easy-cert-api/api/controllers/certificate/update.go:73.2,79.43 4 1
github.com/sunthewhat/easy-cert-api/api/controllers/certificate/update.go:79.43,81.3 1 1
github.com/sunthewhat/easy-cert-api/api/controllers/certificate/update.go:84.2,84.50 1 1
github.com/sunthewhat/easy-cert-api/api/controllers/certificate/update.go:84.50,87.3 2 0
github.com/sunthewhat/easy-cert-api/api/controllers/certificate/update.go:90.2,90.42 1 1
github.com/sunthewhat/easy-cert-api/api/controllers/certificate/update.go:90.42,92.3 1 1
github.com/sunthewhat/easy-cert-api/api/controllers/certificate/update.go:95.2,96.22 2 1
github.com/sunthewhat/easy-cert-api/api/controllers/certificate/update.go:96.22,97.51 1 1
github.com/sunthewhat/easy-cert-api/api/controllers/certificate/update.go:97.51,100.4 2 1
github.com/sunthewhat/easy-cert-api/api/controllers/certificate/update.go:101.3,102.50 2 0
github.com/sunthewhat/easy-cert-api/api/controllers/certificate/update.go:106.2,106.23 1 1
github.com/sunthewhat/easy-cert-api/api/controllers/certificate/update.go:106.23,108.24 2 0
github.com/sunthewhat/easy-cert-api/api/controllers/certificate/update.go:108.24,111.4 1 0
github.com/sunthewhat/easy-cert-api/api/controllers/certificate/update.go:115.2,115.38 1 1
github.com/sunthewhat/easy-cert-api/api/controllers/certificate/update.go:115.38,119.24 3 0
github.com/sunthewhat/easy-cert-api/api/controllers/certificate/update.go:119.24,121.4 1 0
github.com/sunthewhat/easy-cert-api/api/controllers/certificate/update.go:121.9,124.21 2 0
github.com/sunthewhat/easy-cert-api/api/controllers/certificate/update.go:124.21,126.5 1 0
github.com/sunthewhat/easy-cert-api/api/controllers/certificate/update.go:126.10,129.44 2 0
github.com/sunthewhat/easy-cert-api/api/controllers/certificate/update.go:129.44,131.6 1 0
github.com/sunthewhat/easy-cert-api/api/controllers/certificate/update.go:134.5,139.20 4 0
github.com/sunthewhat/easy-cert-api/api/controllers/certificate/update.go:139.20,141.6 1 0
github.com/sunthewhat/easy-cert-api/api/controllers/certificate/update.go:144.5,144.46 1 0
github.com/sunthewhat/easy-cert-api/api/controllers/certificate/update.go:144.46,147.26 3 0
github.com/sunthewhat/easy-cert-api/api/controllers/certificate/update.go:147.26,149.7 1 0
github.com/sunthewhat/easy-cert-api/api/controllers/certificate/update.go:149.12,152.25 2 0
github.com/sunthewhat/easy-cert-api/api/controllers/certificate/update.go:152.25,154.8 1 0
github.com/sunthewhat/easy-cert-api/api/controllers/certificate/update.go:157.7,158.26 2 0
github.com/sunthewhat/easy-cert-api/api/controllers/certificate/update.go:158.26,160.8 1 0
github.com/sunthewhat/easy-cert-api/api/controllers/certificate/update.go:165.5,165.34 1 0
github.com/sunthewhat/easy-cert-api/api/controllers/certificate/update.go:165.34,167.48 2 0
github.com/sunthewhat/easy-cert-api/api/controllers/certificate/update.go:167.48,169.27 2 0
github.com/sunthewhat/easy-cert-api/api/controllers/certificate/update.go:169.27,171.8 1 0
github.com/sunthewhat/easy-cert-api/api/controllers/certificate/update.go:175.6,176.25 2 0
github.com/sunthewhat/easy-cert-api/api/controllers/certificate/update.go:176.25,178.7 1 0
github.com/sunthewhat/easy-cert-api/api/controllers/certificate/update.go:178.12,178.28 1 0
github.com/sunthewhat/easy-cert-api/api/controllers/certificate/update.go:178.28,183.25 3 0
github.com/sunthewhat/easy-cert-api/api/controllers/certificate/update.go:183.25,185.8 1 0
github.com/sunthewhat/easy-cert-api/api/controllers/certificate/update.go:187.7,188.27 2 0
github.com/sunthewhat/easy-cert-api/api/controllers/certificate/update.go:188.27,190.8 1 0
github.com/sunthewhat/easy-cert-api/api/controllers/certificate/update.go:190.13,192.8 1 0
github.com/sunthewhat/easy-cert-api/api/controllers/certificate/update.go:193.12,196.25 2 0
github.com/sunthewhat/easy-cert-api/api/controllers/certificate/update.go:196.25,198.8 1 0
github.com/sunthewhat/easy-cert-api/api/controllers/certificate/update.go:202.5,202.63 1 0
github.com/sunthewhat/easy-cert-api/api/controllers/certificate/update.go:202.63,204.6 1 0
github.com/sunthewhat/easy-cert-api/api/controllers/certificate/update.go:209.2,211.17 2 1
github.com/sunthewhat/easy-cert-api/api/controllers/certificate/update.go:211.17,214.3 1 1
github.com/sunthewhat/easy-cert-api/api/controllers/certificate/update.go:216.2,216.81 1 1
